c:\users\rachel\documents\github\ai-othello\game\game\debug\game.pch
c:\users\rachel\documents\github\ai-othello\game\game\debug\vc140.pdb
c:\users\rachel\documents\github\ai-othello\game\game\debug\vc140.idb
c:\users\rachel\documents\github\ai-othello\game\game\debug\stdafx.obj
c:\users\rachel\documents\github\ai-othello\game\game\debug\board.obj
c:\users\rachel\documents\github\ai-othello\game\game\debug\game.obj
c:\users\rachel\documents\github\ai-othello\game\debug\game.ilk
c:\users\rachel\documents\github\ai-othello\game\debug\game.exe
c:\users\rachel\documents\github\ai-othello\game\debug\game.pdb
c:\users\mvara\documents\github\ai-othello\game\game\debug\board.obj
c:\users\mvara\documents\github\ai-othello\game\game\debug\game.obj
c:\users\mvara\documents\github\ai-othello\game\game\debug\stdafx.obj
c:\users\mvara\documents\github\ai-othello\game\game\debug\game.obj.enc
c:\users\mvara\documents\github\ai-othello\game\game\debug\game.pch
c:\users\mvara\documents\github\ai-othello\game\game\debug\vc140.idb
c:\users\mvara\documents\github\ai-othello\game\game\debug\vc140.pdb
c:\users\mvara\documents\github\ai-othello\game\debug\game.pdb
c:\users\mvara\documents\github\ai-othello\game\debug\game.exe
c:\users\mvara\documents\github\ai-othello\game\debug\game.ilk
c:\users\mvara\documents\github\ai-othello\game\game\debug\game.tlog\cl.command.1.tlog
c:\users\mvara\documents\github\ai-othello\game\game\debug\game.tlog\cl.read.1.tlog
c:\users\mvara\documents\github\ai-othello\game\game\debug\game.tlog\cl.write.1.tlog
c:\users\mvara\documents\github\ai-othello\game\game\debug\game.tlog\link.command.1.tlog
c:\users\mvara\documents\github\ai-othello\game\game\debug\game.tlog\link.read.1.tlog
c:\users\mvara\documents\github\ai-othello\game\game\debug\game.tlog\link.write.1.tlog
